[DW_apb RCEP Jun-04 11:19:32   1] FILE #=============================================================================== (::RCE::printVersion)
[DW_apb RCEP Jun-04 11:19:32   1] FILE # Version information for some parts of the RCE_Plugin. (::RCE::printVersion)
[DW_apb RCEP Jun-04 11:19:32   1] FILE #=============================================================================== (::RCE::printVersion)
[DW_apb RCEP Jun-04 11:19:32   1] FILE RCE Debug  : 0.0.3 (08-May-2015) (namespace)
[DW_apb RCEP Jun-04 11:19:32   1] FILE RCE TRE    : 0.1.2 (20-Jun-2014) (namespace)
[DW_apb RCEP Jun-04 11:19:32   1] FILE RCE TRE2   : 0.0.8 (26-Sep-2014) (namespace)
[DW_apb RCEP Jun-04 11:19:32   1] FILE #=============================================================================== (::RCE::printEnv)
[DW_apb RCEP Jun-04 11:19:32   1] FILE # Workspace Environment Information (::RCE::printEnv)
[DW_apb RCEP Jun-04 11:19:32   1] FILE #=============================================================================== (::RCE::printEnv)
[DW_apb RCEP Jun-04 11:19:32   1] FILE Your original Linux shell may have a DIFFERENT tool environment. (namespace)
[DW_apb RCEP Jun-04 11:19:32   1] FILE The state of your Linux shell tool environment is cached in your workspace  (namespace)
[DW_apb RCEP Jun-04 11:19:32   1] FILE when it is first created. (namespace)
[DW_apb RCEP Jun-04 11:19:32   1] FILE You can use the Edit - Tool Installation Paths to change the workspace environment.. (namespace)
[DW_apb RCEP Jun-04 11:19:32   1] FILE  (namespace)
[DW_apb RCEP Jun-04 11:19:32   1] FILE #------------------------------------------------------------------------------- (::RCE::printEnv)
[DW_apb RCEP Jun-04 11:19:32   1] FILE # Environment Variables (from ::env) (::RCE::printEnv)
[DW_apb RCEP Jun-04 11:19:32   1] FILE #------------------------------------------------------------------------------- (::RCE::printEnv)
[DW_apb RCEP Jun-04 11:19:32   1] FILE _CT_ROOT_DIR_                        : /usr/synopsys/coretool_L-2016.09-SP1 (namespace)
[DW_apb RCEP Jun-04 11:19:32   1] FILE ARCHITECT_ROOT                       : /usr/synopsys/ARChitect (namespace)
[DW_apb RCEP Jun-04 11:19:32   1] FILE CLICOLOR                             : yes (namespace)
[DW_apb RCEP Jun-04 11:19:32   1] FILE COLORTERM                            : gnome-terminal (namespace)
[DW_apb RCEP Jun-04 11:19:32   1] FILE CORETOOLS_HOME                       : /usr/synopsys/coretool_L-2016.09-SP1 (namespace)
[DW_apb RCEP Jun-04 11:19:32   1] FILE CVS_RSH                              : ssh (namespace)
[DW_apb RCEP Jun-04 11:19:32   1] FILE DBUS_SESSION_BUS_ADDRESS             : unix:abstract=/tmp/dbus-YbGASHA2AF,guid=3427144956e55398fe331800591f123a (namespace)
[DW_apb RCEP Jun-04 11:19:32   1] FILE DESIGNWARE_HOME                      : /software/vip_amba (namespace)
[DW_apb RCEP Jun-04 11:19:32   1] FILE DESKTOP_SESSION                      : default (namespace)
[DW_apb RCEP Jun-04 11:19:32   1] FILE DISPLAY                              : :0.0 (namespace)
[DW_apb RCEP Jun-04 11:19:32   1] FILE FM_HOME                              : /usr/synopsys/fm-K-2015.06-SP2 (namespace)
[DW_apb RCEP Jun-04 11:19:32   1] FILE FOXITREADER_HOME                     : /software/Foxreader (namespace)
[DW_apb RCEP Jun-04 11:19:32   1] FILE FPGA_HOME                            : /usr/synopsys/fpga-K-2015.09-SP1 (namespace)
[DW_apb RCEP Jun-04 11:19:32   1] FILE G_BROKEN_FILENAMES                   : 1 (namespace)
[DW_apb RCEP Jun-04 11:19:32   1] FILE GDM_LANG                             : en_US.UTF-8 (namespace)
[DW_apb RCEP Jun-04 11:19:32   1] FILE GDM_XSERVER_LOCATION                 : local (namespace)
[DW_apb RCEP Jun-04 11:19:32   1] FILE GDMSESSION                           : default (namespace)
[DW_apb RCEP Jun-04 11:19:32   1] FILE GNOME_DESKTOP_SESSION_ID             : Default (namespace)
[DW_apb RCEP Jun-04 11:19:32   1] FILE GNOME_KEYRING_SOCKET                 : /tmp/keyring-E5lS85/socket (namespace)
[DW_apb RCEP Jun-04 11:19:32   1] FILE GREP_OPTIONS                         : --color=auto (namespace)
[DW_apb RCEP Jun-04 11:19:32   1] FILE GROUP                                : root (namespace)
[DW_apb RCEP Jun-04 11:19:32   1] FILE GTK_IM_MODULE                        : scim-bridge (namespace)
[DW_apb RCEP Jun-04 11:19:32   1] FILE GTK_RC_FILES                         : /etc/gtk/gtkrc:/root/.gtkrc-1.2-gnome2 (namespace)
[DW_apb RCEP Jun-04 11:19:32   1] FILE HOME                                 : /root (namespace)
[DW_apb RCEP Jun-04 11:19:32   1] FILE HOST                                 : localhost.localdomain (namespace)
[DW_apb RCEP Jun-04 11:19:32   1] FILE HOSTNAME                             : localhost.localdomain (namespace)
[DW_apb RCEP Jun-04 11:19:32   1] FILE HOSTTYPE                             : x86_64-linux (namespace)
[DW_apb RCEP Jun-04 11:19:32   1] FILE INPUTRC                              : /etc/inputrc (namespace)
[DW_apb RCEP Jun-04 11:19:32   1] FILE LC_ALL                               : C (namespace)
[DW_apb RCEP Jun-04 11:19:32   1] FILE LD_LIBRARY_PATH                      : /usr/synopsys/ARChitect/lib/linux (namespace)
[DW_apb RCEP Jun-04 11:19:32   1] FILE LESSOPEN                             : |/usr/bin/lesspipe.sh %s (namespace)
[DW_apb RCEP Jun-04 11:19:32   1] FILE LM_LICENSE_FILE                      : 27000@localhost.localdomain (namespace)
[DW_apb RCEP Jun-04 11:19:32   1] FILE LOADEDMODULES                        :  (namespace)
[DW_apb RCEP Jun-04 11:19:32   1] FILE LOGNAME                              : wjfan (namespace)
[DW_apb RCEP Jun-04 11:19:32   1] FILE LS_COLORS                            : no=00:fi=00:di=00;34:ln=00;36:pi=40;33:so=00;35:bd=40;33;01:cd=40;33;01:or=01;05;37;41:mi=01;05;37;41:ex=00;32:*.cmd=00;32:*.exe=00;32:*.com=00;32:*.btm=00;32:*.bat=00;32:*.sh=00;32:*.csh=00;32:*.tar=00;31:*.tgz=00;31:*.arj=00;31:*.taz=00;31:*.lzh=00;31:*.zip=00;31:*.z=00;31:*.Z=00;31:*.gz=00;31:*.bz2=00;31:*.bz=00;31:*.tz=00;31:*.rpm=00;31:*.cpio=00;31:*.jpg=00;35:*.gif=00;35:*.bmp=00;35:*.xbm=00;35:*.xpm=00;35:*.png=00;35:*.tif=00;35: (namespace)
[DW_apb RCEP Jun-04 11:19:32   1] FILE LSCOLORS                             : ExGxFxdxGxegedabagExEx (namespace)
[DW_apb RCEP Jun-04 11:19:32   1] FILE MACHTYPE                             : x86_64 (namespace)
[DW_apb RCEP Jun-04 11:19:32   1] FILE MAIL                                 : /var/spool/mail/wjfan (namespace)
[DW_apb RCEP Jun-04 11:19:32   1] FILE MANPATH                              : /usr/share/man: (namespace)
[DW_apb RCEP Jun-04 11:19:32   1] FILE META_HOME                            : /usr/synopsys/meta/MetaWare (namespace)
[DW_apb RCEP Jun-04 11:19:32   1] FILE METAWARE_ROOT                        : /usr/synopsys/meta/MetaWare (namespace)
[DW_apb RCEP Jun-04 11:19:32   1] FILE MODULE_VERSION                       : 3.2.10 (namespace)
[DW_apb RCEP Jun-04 11:19:32   1] FILE MODULE_VERSION_STACK                 : 3.2.10 (namespace)
[DW_apb RCEP Jun-04 11:19:32   1] FILE MODULEPATH                           : /usr/local/Modules/versions:/usr/local/Modules/3.2.10/eda (namespace)
[DW_apb RCEP Jun-04 11:19:32   1] FILE MODULESHOME                          : /usr/local/Modules/3.2.10 (namespace)
[DW_apb RCEP Jun-04 11:19:32   1] FILE NOVAS_HOME                           : /usr/synopsys/VERDI-K-2015.09 (namespace)
[DW_apb RCEP Jun-04 11:19:32   1] FILE NSIM_HOME                            : /usr/synopsys/meta/nSIM/nSIM (namespace)
[DW_apb RCEP Jun-04 11:19:32   1] FILE OSTYPE                               : linux (namespace)
[DW_apb RCEP Jun-04 11:19:32   1] FILE PATH                                 : /usr/kerberos/sbin:/usr/kerberos/bin:/usr/local/sbin:/usr/local/bin:/sbin:/bin:/usr/sbin:/usr/bin:/usr/X11R6/bin:/software/Foxreader:/home/wjfan/scripts:/usr/synopsys/VCS-MX-L-2016.06-SP1/amd64/bin:/usr/synopsys/VCS-MX-L-2016.06-SP1/bin:/usr/synopsys/fm-K-2015.06-SP2/bin:/usr/synopsys/syn-K-2015.06-SP5/bin:/usr/synopsys/fm-K-2015.06-SP2/bin:/usr/synopsys/pt-K-2015.06-SP2/bin:/usr/synopsys/verdi_vK-2015.09/bin:/software/vip_amba/bin:/usr/synopsys/coretool_L-2016.09-SP1/linux64/dware/bin:/usr/synopsys/spyglass/SpyGlass-L2016.06/SPYGLASS_HOME/bin:/usr/synopsys/fpga-K-2015.09-SP1/bin:/software/vip_amba/bin:/usr/synopsys/arc/ARChitect/bin/linux:/usr/synopsys/arc/xCAM/i686-RHEL4-gcc-3.2.3/bin:/usr/synopsys/arc/MetaWare/arc/bin:/usr/synopsys/arc/MetaWare/ide:/software/ida/idaadv:/software/Foxreader:/home/wjfan/scripts:/usr/synopsys/VCS-MX-L-2016.06-SP1/amd64/bin:/usr/synopsys/VCS-MX-L-2016.06-SP1/bin:/usr/synopsys/fm-K-2015.06-SP2/bin:/usr/synopsys/syn-K-2015.06-SP5/bin:/usr/synopsys/fm-K-2015.06-SP2/bin:/usr/synopsys/pt-K-2015.06-SP2/bin:/usr/synopsys/verdi_vK-2015.09/bin:/software/vip_amba/bin:/usr/synopsys/coretool_L-2016.09-SP1/linux64/dware/bin:/usr/synopsys/spyglass/SpyGlass-L2016.06/SPYGLASS_HOME/bin:/usr/synopsys/fpga-K-2015.09-SP1/bin:/software/vip_amba/bin:/usr/synopsys/arc/ARChitect/bin/linux:/usr/synopsys/arc/xCAM/i686-RHEL4-gcc-3.2.3/bin:/usr/synopsys/arc/MetaWare/arc/bin:/usr/synopsys/arc/MetaWare/ide:/software/ida/idaadv:/software/Foxreader:/usr/synopsys/VCS_MX_vK-2015.09/amd64/bin:/usr/synopsys/syn-K-2015.06-SP5/bin:/usr/synopsys/VERDI-K-2015.09/bin:/software/vip_amba/bin:/usr/synopsys/coretool_L-2016.09-SP1/linux64/dware/bin:/usr/synopsys/ARChitect/bin/linux:/usr/synopsys/xCAM/i686-RHEL4-gcc-3.2.3/bin:/usr/synopsys/meta/MetaWare/arc/bin:/software/ida/idaadv:/software/Foxreader:/usr/synopsys/VCS_MX_vK-2015.09/amd64/bin:/usr/synopsys/syn-K-2015.06-SP5/bin:/usr/synopsys/VERDI-K-2015.09/bin:/software/vip_amba/bin:/usr/synopsys/coretool_L-2016.09-SP1/linux64/dware/bin:/usr/synopsys/ARChitect/bin/linux:/usr/synopsys/xCAM/i686-RHEL4-gcc-3.2.3/bin:/usr/synopsys/meta/MetaWare/arc/bin:/software/ida/idaadv:/software/Foxreader:/home/wjfan/scripts:/usr/synopsys/VCS-MX-L-2016.06-SP1/amd64/bin:/usr/synopsys/VCS-MX-L-2016.06-SP1/bin:/usr/synopsys/fm-K-2015.06-SP2/bin:/usr/synopsys/syn-K-2015.06-SP5/bin:/usr/synopsys/fm-K-2015.06-SP2/bin:/usr/synopsys/pt-K-2015.06-SP2/bin:/usr/synopsys/verdi_vK-2015.09/bin:/software/vip_amba/bin:/usr/synopsys/coretool_L-2016.09-SP1/linux64/dware/bin:/usr/synopsys/spyglass/SpyGlass-L2016.06/SPYGLASS_HOME/bin:/usr/synopsys/fpga-K-2015.09-SP1/bin:/software/vip_amba/bin:/usr/synopsys/arc/ARChitect/bin/linux:/usr/synopsys/arc/xCAM/i686-RHEL4-gcc-3.2.3/bin:/usr/synopsys/arc/MetaWare/arc/bin:/usr/synopsys/arc/MetaWare/ide:/software/ida/idaadv:/software/Foxreader:/usr/synopsys/VCS-MX-L-2016.06-SP1/amd64/bin:/usr/synopsys/syn-K-2015.06-SP5/bin:/usr/synopsys/VERDI-K-2015.09/bin:/software/vip_amba/bin:/usr/synopsys/coretool_L-2016.09-SP1/linux64/dware/bin:/usr/synopsys/ARChitect/bin/linux:/usr/synopsys/xCAM/i686-RHEL4-gcc-3.2.3/bin:/usr/synopsys/meta/MetaWare/arc/bin:/software/ida/idaadv (namespace)
[DW_apb RCEP Jun-04 11:19:32   1] FILE PT_HOME                              : /usr/synopsys/pt-K-2015.06-SP2 (namespace)
[DW_apb RCEP Jun-04 11:19:32   1] FILE PWD                                  : /root (namespace)
[DW_apb RCEP Jun-04 11:19:32   1] FILE QT_IM_MODULE                         : scim (namespace)
[DW_apb RCEP Jun-04 11:19:32   1] FILE SHELL                                : /bin/csh (namespace)
[DW_apb RCEP Jun-04 11:19:32   1] FILE SHLVL                                : 6 (namespace)
[DW_apb RCEP Jun-04 11:19:32   1] FILE SNPSLMD_DISABLE_DEBUG_LICENSE_CHECKS : 1 (namespace)
[DW_apb RCEP Jun-04 11:19:32   1] FILE SNPSLMD_LICENSE_FILE                 : 27000@localhost.localdomain (namespace)
[DW_apb RCEP Jun-04 11:19:32   1] FILE SPYGLASS_HOME                        : /usr/synopsys/spyglass/SpyGlass-L2016.06-SP2/SPYGLASS_HOME/ (namespace)
[DW_apb RCEP Jun-04 11:19:32   1] FILE SSH_AGENT_PID                        : 5606 (namespace)
[DW_apb RCEP Jun-04 11:19:32   1] FILE SSH_ASKPASS                          : /usr/libexec/openssh/gnome-ssh-askpass (namespace)
[DW_apb RCEP Jun-04 11:19:32   1] FILE SSH_AUTH_SOCK                        : /tmp/ssh-WfGqQM5571/agent.5571 (namespace)
[DW_apb RCEP Jun-04 11:19:32   1] FILE SYN_HOME                             : /usr/synopsys/syn-K-2015.06-SP5 (namespace)
[DW_apb RCEP Jun-04 11:19:32   1] FILE SYNOPSYS                             : /usr/synopsys/syn-K-2015.06-SP5 (namespace)
[DW_apb RCEP Jun-04 11:19:32   1] FILE SYNOPSYS_TRACE                       :  (namespace)
[DW_apb RCEP Jun-04 11:19:32   1] FILE TERM                                 : xterm (namespace)
[DW_apb RCEP Jun-04 11:19:32   1] FILE USER                                 : wjfan (namespace)
[DW_apb RCEP Jun-04 11:19:32   1] FILE USERNAME                             : root (namespace)
[DW_apb RCEP Jun-04 11:19:32   1] FILE UVM_HOME                             : /project/libs/uvm-1.1d (namespace)
[DW_apb RCEP Jun-04 11:19:32   1] FILE VCS_HOME                             : /usr/synopsys/VCS-MX-L-2016.06-SP1 (namespace)
[DW_apb RCEP Jun-04 11:19:32   1] FILE VCSI_HOME                            : /usr/synopsys/VCS-MX-L-2016.06-SP1 (namespace)
[DW_apb RCEP Jun-04 11:19:32   1] FILE VENDOR                               : unknown (namespace)
[DW_apb RCEP Jun-04 11:19:32   1] FILE VERDI_HOME                           : /usr/synopsys/VERDI-K-2015.09 (namespace)
[DW_apb RCEP Jun-04 11:19:32   1] FILE WINDOWID                             : 26217785 (namespace)
[DW_apb RCEP Jun-04 11:19:32   1] FILE XMODIFIERS                           : @im=SCIM (namespace)
[DW_apb RCEP Jun-04 11:19:32   1] FILE  (namespace)
[DW_apb RCEP Jun-04 11:19:32   1] FILE #------------------------------------------------------------------------------- (::RCE::printEnv)
[DW_apb RCEP Jun-04 11:19:32   1] FILE # Tool Version Information) (::RCE::printEnv)
[DW_apb RCEP Jun-04 11:19:32   1] FILE #------------------------------------------------------------------------------- (::RCE::printEnv)
[DW_apb RCEP Jun-04 11:19:32   1] FILE | Tool       | Min         | Max | Arch | Path                                             | Verify Tool | (namespace)
[DW_apb RCEP Jun-04 11:19:32   1] FILE ---------------------------------------------------------------------------------------------------------- (namespace)
[DW_apb RCEP Jun-04 11:19:32   1] FILE | dc_shell   | 2013.12-SP5 |     | 64   | /usr/synopsys/syn-K-2015.06-SP5/bin/dc_shell     |             | (namespace)
[DW_apb RCEP Jun-04 11:19:32   1] FILE | dc_shell-t |             |     | 64   | /usr/synopsys/syn-K-2015.06-SP5/bin/dc_shell-t   |             | (namespace)
[DW_apb RCEP Jun-04 11:19:32   1] FILE | de_shell   |             |     | 64   | /usr/synopsys/syn-K-2015.06-SP5/bin/de_shell     |             | (namespace)
[DW_apb RCEP Jun-04 11:19:32   1] FILE | fm_shell   | 2015.06-SP4 |     | 64   | /usr/synopsys/fm-K-2015.06-SP2/bin/fm_shell      |             | (namespace)
[DW_apb RCEP Jun-04 11:19:32   1] FILE | gca_shell  |             |     | 64   | /usr/synopsys/pt-K-2015.06-SP2/bin/gca_shell     |             | (namespace)
[DW_apb RCEP Jun-04 11:19:32   1] FILE | leda       |             |     | 32   |                                                  |             | (namespace)
[DW_apb RCEP Jun-04 11:19:32   1] FILE | mvtools    |             |     | 32   |                                                  |             | (namespace)
[DW_apb RCEP Jun-04 11:19:32   1] FILE | ncsim      |             |     | 32   |                                                  |             | (namespace)
[DW_apb RCEP Jun-04 11:19:32   1] FILE | pt_shell   | 2015.12     |     | 64   | /usr/synopsys/pt-K-2015.06-SP2/bin/pt_shell      |             | (namespace)
[DW_apb RCEP Jun-04 11:19:32   1] FILE | synplify   |             |     | 64   | /usr/synopsys/fpga-K-2015.09-SP1/bin/synplify    |             | (namespace)
[DW_apb RCEP Jun-04 11:19:32   1] FILE | tmax       |             |     | 32   |                                                  |             | (namespace)
[DW_apb RCEP Jun-04 11:19:32   1] FILE | vcs        |             |     | 32   | /usr/synopsys/VCS-MX-L-2016.06-SP1/amd64/bin/vcs |             | (namespace)
[DW_apb RCEP Jun-04 11:19:32   1] FILE | vcsi       |             |     | 32   | /usr/synopsys/VCS-MX-L-2016.06-SP1/bin/vcsi      |             | (namespace)
[DW_apb RCEP Jun-04 11:19:32   1] FILE | vera       | 2014.03-1   |     | 32   |                                                  |             | (namespace)
[DW_apb RCEP Jun-04 11:19:32   1] FILE | vsim       |             |     | 32   |                                                  |             | (namespace)
